2026-02-02 15:51:58 [INFO] app.core.database: Database 'hubdb' created or already exists.
2026-02-02 15:51:58 [INFO] app.core.database: Tables created or verified.
2026-02-02 15:51:58 [INFO] app.main: Dispatched initial sync task to Celery
2026-02-02 15:52:01 [INFO] app.api.v1.auth: Login attempt for user admin@hub.local
2026-02-02 15:52:02 [INFO] app.api.v1.auth: User admin@hub.local logged in successfully, id=1
2026-02-02 15:52:05 [INFO] app.api.v1.email: Email 5 (status=sent) created for submission 1, to=deepak@firestorm-internet.com
2026-02-03 12:23:32 [INFO] app.api.v1.auth: Login attempt for user admin@hub.local
2026-02-03 12:23:32 [INFO] app.api.v1.auth: User admin@hub.local logged in successfully, id=1
2026-02-03 12:23:32 [INFO] app.api.v1.site: Listing sites with skip=0 and limit=100
2026-02-03 12:23:32 [INFO] app.api.v1.site: Listing sites with skip=0 and limit=100
2026-02-03 12:23:32 [INFO] app.api.v1.submission: Fetched 1 submissions
2026-02-03 12:23:32 [INFO] app.api.v1.submission: Fetched 1 submissions
2026-02-03 12:24:10 [INFO] app.api.v1.site: Listing sites with skip=0 and limit=100
2026-02-03 12:24:10 [INFO] app.api.v1.site: Listing sites with skip=0 and limit=100
2026-02-03 12:24:10 [INFO] app.api.v1.submission: Fetched 1 submissions
2026-02-03 12:24:10 [INFO] app.api.v1.submission: Fetched 1 submissions
2026-02-03 12:24:15 [INFO] app.api.v1.sync: Syncing site 1
2026-02-03 12:24:15 [INFO] httpx: HTTP Request: GET https://alcatraz-island.com/wp-json/wp/v2/users/me "HTTP/1.1 200 OK"
2026-02-03 12:24:16 [INFO] httpx: HTTP Request: GET https://alcatraz-island.com/wp-json/fluentform/v1/submissions?form_id=1&page=1&per_page=50 "HTTP/1.1 200 OK"
2026-02-03 12:24:16 [INFO] app.api.v1.sync: Sync completed for site 1, synced 1 submissions
2026-02-03 12:24:16 [INFO] app.api.v1.sync: Manual sync completed for 1 sites
2026-02-03 12:24:16 [INFO] app.api.v1.site: Listing sites with skip=0 and limit=100
2026-02-03 12:24:16 [INFO] app.api.v1.submission: Fetched 1 submissions
2026-02-03 12:28:39 [INFO] app.api.v1.sync: Manual sync started for site 1
2026-02-03 12:28:39 [INFO] app.api.v1.sync: Syncing site 1
2026-02-03 12:28:40 [INFO] httpx: HTTP Request: GET https://alcatraz-island.com/wp-json/wp/v2/users/me "HTTP/1.1 200 OK"
2026-02-03 12:28:41 [INFO] httpx: HTTP Request: GET https://alcatraz-island.com/wp-json/fluentform/v1/submissions?form_id=1&page=1&per_page=50 "HTTP/1.1 200 OK"
2026-02-03 12:28:41 [INFO] app.api.v1.sync: Sync completed for site 1, synced 1 submissions
2026-02-03 12:28:41 [INFO] app.api.v1.site: Listing sites with skip=0 and limit=100
2026-02-03 12:28:41 [INFO] app.api.v1.submission: Fetched 1 submissions
2026-02-03 12:29:13 [INFO] app.api.v1.site: Listing sites with skip=0 and limit=100
2026-02-03 12:29:13 [INFO] app.api.v1.site: Listing sites with skip=0 and limit=100
2026-02-03 12:29:13 [INFO] app.api.v1.submission: Fetched 1 submissions
2026-02-03 12:29:13 [INFO] app.api.v1.submission: Fetched 1 submissions
2026-02-03 12:29:15 [INFO] app.api.v1.sync: Syncing site 1
2026-02-03 12:29:16 [INFO] httpx: HTTP Request: GET https://alcatraz-island.com/wp-json/wp/v2/users/me "HTTP/1.1 200 OK"
2026-02-03 12:29:17 [INFO] httpx: HTTP Request: GET https://alcatraz-island.com/wp-json/fluentform/v1/submissions?form_id=1&page=1&per_page=50 "HTTP/1.1 200 OK"
2026-02-03 12:29:17 [INFO] app.api.v1.sync: Sync completed for site 1, synced 1 submissions
2026-02-03 12:29:17 [INFO] app.api.v1.sync: Manual sync completed for 1 sites
2026-02-03 12:29:17 [INFO] app.api.v1.site: Listing sites with skip=0 and limit=100
2026-02-03 12:29:17 [INFO] app.api.v1.submission: Fetched 1 submissions
2026-02-03 12:30:26 [INFO] app.api.v1.site: Listing sites with skip=0 and limit=100
2026-02-03 12:30:26 [INFO] app.api.v1.site: Listing sites with skip=0 and limit=100
2026-02-03 12:30:26 [INFO] app.api.v1.submission: Fetched 1 submissions
2026-02-03 12:30:26 [INFO] app.api.v1.submission: Fetched 1 submissions
2026-02-03 12:30:28 [INFO] app.api.v1.sync: Syncing site 1
2026-02-03 12:30:29 [INFO] httpx: HTTP Request: GET https://alcatraz-island.com/wp-json/wp/v2/users/me "HTTP/1.1 200 OK"
2026-02-03 12:30:29 [INFO] httpx: HTTP Request: GET https://alcatraz-island.com/wp-json/fluentform/v1/submissions?form_id=1&page=1&per_page=50 "HTTP/1.1 200 OK"
2026-02-03 12:30:29 [INFO] app.api.v1.sync: Sync completed for site 1, synced 1 submissions
2026-02-03 12:30:29 [INFO] app.api.v1.sync: Manual sync completed for 1 sites
2026-02-03 12:30:29 [INFO] app.api.v1.site: Listing sites with skip=0 and limit=100
2026-02-03 12:30:29 [INFO] app.api.v1.submission: Fetched 1 submissions
2026-02-03 12:31:33 [INFO] app.api.v1.auth: Login attempt for user admin@hub.local
2026-02-03 12:31:33 [INFO] app.api.v1.auth: User admin@hub.local logged in successfully, id=1
2026-02-03 12:31:33 [INFO] app.api.v1.site: Listing sites with skip=0 and limit=100
2026-02-03 12:31:33 [INFO] app.api.v1.site: Listing sites with skip=0 and limit=100
2026-02-03 12:31:33 [INFO] app.api.v1.submission: Fetched 1 submissions
2026-02-03 12:31:33 [INFO] app.api.v1.submission: Fetched 1 submissions
2026-02-03 12:31:37 [INFO] app.api.v1.sync: Syncing site 1
2026-02-03 12:31:38 [INFO] httpx: HTTP Request: GET https://alcatraz-island.com/wp-json/wp/v2/users/me "HTTP/1.1 200 OK"
2026-02-03 12:31:38 [INFO] httpx: HTTP Request: GET https://alcatraz-island.com/wp-json/fluentform/v1/submissions?form_id=1&page=1&per_page=50 "HTTP/1.1 200 OK"
2026-02-03 12:31:38 [INFO] app.api.v1.sync: Sync completed for site 1, synced 1 submissions
2026-02-03 12:31:38 [INFO] app.api.v1.sync: Manual sync completed for 1 sites
2026-02-03 12:31:38 [INFO] app.api.v1.site: Listing sites with skip=0 and limit=100
2026-02-03 12:31:38 [INFO] app.api.v1.submission: Fetched 1 submissions
2026-02-03 12:41:01 [INFO] app.api.v1.submission: Fetched 1 submissions
2026-02-03 12:43:05 [INFO] app.api.v1.site: Listing sites with skip=0 and limit=100
2026-02-03 12:43:05 [INFO] app.api.v1.submission: Fetched 1 submissions
2026-02-03 12:55:06 [INFO] app.api.v1.site: Listing sites with skip=0 and limit=100
2026-02-03 12:55:06 [INFO] app.api.v1.site: Listing sites with skip=0 and limit=100
2026-02-03 12:55:06 [INFO] app.api.v1.submission: Fetched 1 submissions
2026-02-03 12:55:06 [INFO] app.api.v1.site: Listing sites with skip=0 and limit=100
2026-02-03 12:55:06 [INFO] app.api.v1.site: Listing sites with skip=0 and limit=100
2026-02-03 12:55:06 [INFO] app.api.v1.submission: Fetched 1 submissions
2026-02-03 12:55:06 [INFO] app.api.v1.submission: Fetched 1 submissions
2026-02-03 12:55:06 [INFO] app.api.v1.submission: Fetched 1 submissions
2026-02-03 12:55:09 [INFO] app.api.v1.submission: Fetched submission 1
2026-02-03 12:55:09 [INFO] app.api.v1.submission: Fetched submission 1
2026-02-03 12:55:13 [INFO] app.api.v1.site: Listing sites with skip=0 and limit=100
2026-02-03 12:55:13 [INFO] app.api.v1.site: Listing sites with skip=0 and limit=100
2026-02-03 12:55:13 [INFO] app.api.v1.submission: Fetched 1 submissions
2026-02-03 12:55:13 [INFO] app.api.v1.submission: Fetched 1 submissions
2026-02-03 12:55:14 [INFO] app.api.v1.submission: Fetched submission 1
2026-02-03 12:55:14 [INFO] app.api.v1.submission: Fetched submission 1
2026-02-03 12:55:19 [INFO] app.api.v1.site: Listing sites with skip=0 and limit=100
2026-02-03 12:55:19 [INFO] app.api.v1.site: Listing sites with skip=0 and limit=100
2026-02-03 12:55:19 [INFO] app.api.v1.submission: Fetched 1 submissions
2026-02-03 12:55:19 [INFO] app.api.v1.submission: Fetched 1 submissions
2026-02-03 12:55:36 [INFO] app.api.v1.site: Listing sites with skip=0 and limit=100
2026-02-03 12:55:36 [INFO] app.api.v1.submission: Fetched 1 submissions
2026-02-03 12:55:40 [INFO] app.api.v1.site: Listing sites with skip=0 and limit=100
2026-02-03 12:55:40 [INFO] app.api.v1.submission: Fetched 1 submissions
2026-02-03 12:55:43 [INFO] app.api.v1.submission: Fetched submission 1
2026-02-03 12:55:43 [INFO] app.api.v1.submission: Fetched submission 1
2026-02-03 12:56:08 [INFO] app.api.v1.site: Listing sites with skip=0 and limit=100
2026-02-03 12:56:08 [INFO] app.api.v1.site: Listing sites with skip=0 and limit=100
2026-02-03 12:56:08 [INFO] app.api.v1.submission: Fetched 1 submissions
2026-02-03 12:56:08 [INFO] app.api.v1.submission: Fetched 1 submissions
2026-02-03 12:56:10 [INFO] app.api.v1.submission: Fetched submission 1
2026-02-03 12:56:10 [INFO] app.api.v1.submission: Fetched submission 1
2026-02-03 12:56:20 [INFO] app.api.v1.site: Listing sites with skip=0 and limit=100
2026-02-03 12:56:20 [INFO] app.api.v1.site: Listing sites with skip=0 and limit=100
2026-02-03 12:56:20 [INFO] app.api.v1.submission: Fetched 1 submissions
2026-02-03 12:56:20 [INFO] app.api.v1.submission: Fetched 1 submissions
2026-02-03 12:56:22 [INFO] app.api.v1.site: Listing sites with skip=0 and limit=100
2026-02-03 12:56:22 [INFO] app.api.v1.submission: Fetched 1 submissions
2026-02-03 12:56:23 [INFO] app.api.v1.site: Listing sites with skip=0 and limit=100
2026-02-03 12:56:23 [INFO] app.api.v1.submission: Fetched 1 submissions
2026-02-03 12:56:25 [INFO] app.api.v1.sync: Manual sync started for site 1
2026-02-03 12:56:25 [INFO] app.api.v1.sync: Syncing site 1
2026-02-03 12:56:36 [WARNING] app.services.wordpress: Retrying app.services.wordpress.WordPressClient._make_request in 1.0 seconds as it raised ConnectTimeout: _ssl.c:993: The handshake operation timed out.
2026-02-03 12:56:47 [WARNING] app.services.wordpress: Retrying app.services.wordpress.WordPressClient._make_request in 2.0 seconds as it raised ConnectTimeout: timed out.
2026-02-03 12:56:56 [INFO] app.api.v1.submission: Fetched 1 submissions
2026-02-03 12:56:56 [INFO] app.api.v1.submission: Fetched 1 submissions
2026-02-03 12:56:56 [INFO] app.api.v1.submission: Fetched 1 submissions
2026-02-03 12:56:56 [INFO] app.api.v1.submission: Fetched 1 submissions
2026-02-03 13:01:04 [INFO] app.api.v1.submission: Fetched submission 1
2026-02-03 13:01:04 [INFO] app.api.v1.submission: Fetched submission 1
2026-02-03 13:01:05 [INFO] app.api.v1.site: Listing sites with skip=0 and limit=100
2026-02-03 13:01:06 [INFO] app.api.v1.site: Listing sites with skip=0 and limit=100
2026-02-03 13:01:06 [INFO] app.api.v1.submission: Fetched 1 submissions
2026-02-03 13:01:06 [INFO] app.api.v1.submission: Fetched 1 submissions
2026-02-03 13:01:27 [INFO] app.api.v1.site: Listing sites with skip=0 and limit=100
2026-02-03 13:01:27 [INFO] app.api.v1.site: Listing sites with skip=0 and limit=100
2026-02-03 13:01:27 [INFO] app.api.v1.submission: Fetched 1 submissions
2026-02-03 13:01:27 [INFO] app.api.v1.site: Listing sites with skip=0 and limit=100
2026-02-03 13:01:27 [INFO] app.api.v1.submission: Fetched 1 submissions
2026-02-03 13:01:27 [INFO] app.api.v1.site: Listing sites with skip=0 and limit=100
2026-02-03 13:01:27 [INFO] app.api.v1.submission: Fetched 1 submissions
2026-02-03 13:01:27 [INFO] app.api.v1.submission: Fetched 1 submissions
2026-02-03 13:01:28 [INFO] app.api.v1.submission: Fetched submission 1
2026-02-03 13:01:28 [INFO] app.api.v1.submission: Fetched submission 1
2026-02-03 13:01:30 [INFO] app.api.v1.site: Listing sites with skip=0 and limit=100
2026-02-03 13:01:30 [INFO] app.api.v1.site: Listing sites with skip=0 and limit=100
2026-02-03 13:01:30 [INFO] app.api.v1.submission: Fetched 1 submissions
2026-02-03 13:01:30 [INFO] app.api.v1.submission: Fetched 1 submissions
2026-02-03 13:01:33 [INFO] app.api.v1.submission: Fetched submission 1
2026-02-03 13:01:33 [INFO] app.api.v1.submission: Fetched submission 1
2026-02-03 13:01:34 [INFO] app.api.v1.site: Listing sites with skip=0 and limit=100
2026-02-03 13:01:34 [INFO] app.api.v1.site: Listing sites with skip=0 and limit=100
2026-02-03 13:01:34 [INFO] app.api.v1.submission: Fetched 1 submissions
2026-02-03 13:01:34 [INFO] app.api.v1.submission: Fetched 1 submissions
2026-02-03 13:18:47 [INFO] app.api.v1.submission: Fetched submission 1
2026-02-03 13:18:47 [INFO] app.api.v1.submission: Fetched submission 1
2026-02-03 13:18:50 [INFO] app.api.v1.site: Listing sites with skip=0 and limit=100
2026-02-03 13:18:50 [INFO] app.api.v1.site: Listing sites with skip=0 and limit=100
2026-02-03 13:18:50 [INFO] app.api.v1.submission: Fetched 1 submissions
2026-02-03 13:18:50 [INFO] app.api.v1.submission: Fetched 1 submissions
2026-02-03 14:36:06 [INFO] app.api.v1.site: Listing sites with skip=0 and limit=100
2026-02-03 14:36:06 [INFO] app.api.v1.site: Listing sites with skip=0 and limit=100
2026-02-03 14:36:06 [INFO] app.api.v1.site: Listing sites with skip=0 and limit=100
2026-02-03 14:36:06 [INFO] app.api.v1.site: Listing sites with skip=0 and limit=100
2026-02-03 14:36:06 [INFO] app.api.v1.submission: Fetched 1 submissions
2026-02-03 14:36:06 [INFO] app.api.v1.submission: Fetched 1 submissions
2026-02-03 14:36:06 [INFO] app.api.v1.submission: Fetched 1 submissions
2026-02-03 14:36:06 [INFO] app.api.v1.submission: Fetched 1 submissions
2026-02-03 14:36:07 [INFO] app.api.v1.submission: Fetched submission 1
2026-02-03 14:36:07 [INFO] app.api.v1.submission: Fetched submission 1
2026-02-03 14:36:09 [INFO] app.api.v1.site: Listing sites with skip=0 and limit=100
2026-02-03 14:36:09 [INFO] app.api.v1.site: Listing sites with skip=0 and limit=100
2026-02-03 14:36:09 [INFO] app.api.v1.submission: Fetched 1 submissions
2026-02-03 14:36:09 [INFO] app.api.v1.submission: Fetched 1 submissions
2026-02-03 14:43:22 [INFO] app.api.v1.submission: Fetched submission 1
2026-02-03 14:43:22 [INFO] app.api.v1.email: Fetched 5 emails for submission 1
2026-02-03 14:43:22 [INFO] app.api.v1.submission: Fetched submission 1
2026-02-03 14:43:22 [INFO] app.api.v1.email: Fetched 5 emails for submission 1
2026-02-03 14:43:27 [INFO] app.api.v1.site: Listing sites with skip=0 and limit=100
2026-02-03 14:43:27 [INFO] app.api.v1.submission: Fetched submission 1
2026-02-03 14:43:27 [INFO] app.api.v1.email: Fetched 5 emails for submission 1
2026-02-03 14:43:27 [INFO] app.api.v1.site: Listing sites with skip=0 and limit=100
2026-02-03 14:43:27 [INFO] app.api.v1.submission: Fetched submission 1
2026-02-03 14:43:27 [INFO] app.api.v1.email: Fetched 5 emails for submission 1
2026-02-03 14:43:27 [INFO] app.api.v1.submission: Fetched 1 submissions
2026-02-03 14:43:27 [INFO] app.api.v1.submission: Fetched 1 submissions
2026-02-03 14:43:28 [INFO] app.api.v1.site: Listing sites with skip=0 and limit=100
2026-02-03 14:43:28 [INFO] app.api.v1.email: Fetched 5 emails for submission 1
2026-02-03 14:43:28 [INFO] app.api.v1.submission: Fetched submission 1
2026-02-03 14:43:28 [INFO] app.api.v1.site: Listing sites with skip=0 and limit=100
2026-02-03 14:43:28 [INFO] app.api.v1.submission: Fetched submission 1
2026-02-03 14:43:28 [INFO] app.api.v1.submission: Fetched 1 submissions
2026-02-03 14:43:28 [INFO] app.api.v1.email: Fetched 5 emails for submission 1
2026-02-03 14:43:28 [INFO] app.api.v1.submission: Fetched 1 submissions
2026-02-03 14:43:29 [INFO] app.api.v1.site: Listing sites with skip=0 and limit=100
2026-02-03 14:43:29 [INFO] app.api.v1.submission: Fetched submission 1
2026-02-03 14:43:29 [INFO] app.api.v1.email: Fetched 5 emails for submission 1
2026-02-03 14:43:29 [INFO] app.api.v1.site: Listing sites with skip=0 and limit=100
2026-02-03 14:43:29 [INFO] app.api.v1.email: Fetched 5 emails for submission 1
2026-02-03 14:43:29 [INFO] app.api.v1.submission: Fetched 1 submissions
2026-02-03 14:43:29 [INFO] app.api.v1.submission: Fetched submission 1
2026-02-03 14:43:29 [INFO] app.api.v1.submission: Fetched 1 submissions
2026-02-03 14:43:29 [INFO] app.api.v1.site: Listing sites with skip=0 and limit=100
2026-02-03 14:43:29 [INFO] app.api.v1.submission: Fetched submission 1
2026-02-03 14:43:29 [INFO] app.api.v1.email: Fetched 5 emails for submission 1
2026-02-03 14:43:29 [INFO] app.api.v1.submission: Fetched submission 1
2026-02-03 14:43:29 [INFO] app.api.v1.email: Fetched 5 emails for submission 1
2026-02-03 14:43:29 [INFO] app.api.v1.site: Listing sites with skip=0 and limit=100
2026-02-03 14:43:29 [INFO] app.api.v1.submission: Fetched 1 submissions
2026-02-03 14:43:29 [INFO] app.api.v1.submission: Fetched 1 submissions
2026-02-03 14:43:29 [INFO] app.api.v1.site: Listing sites with skip=0 and limit=100
2026-02-03 14:43:29 [INFO] app.api.v1.submission: Fetched submission 1
2026-02-03 14:43:29 [INFO] app.api.v1.email: Fetched 5 emails for submission 1
2026-02-03 14:43:29 [INFO] app.api.v1.site: Listing sites with skip=0 and limit=100
2026-02-03 14:43:29 [INFO] app.api.v1.email: Fetched 5 emails for submission 1
2026-02-03 14:43:29 [INFO] app.api.v1.submission: Fetched 1 submissions
2026-02-03 14:43:29 [INFO] app.api.v1.submission: Fetched submission 1
2026-02-03 14:43:29 [INFO] app.api.v1.submission: Fetched 1 submissions
2026-02-03 14:43:29 [INFO] app.api.v1.site: Listing sites with skip=0 and limit=100
2026-02-03 14:43:29 [INFO] app.api.v1.email: Fetched 5 emails for submission 1
2026-02-03 14:43:29 [INFO] app.api.v1.submission: Fetched submission 1
2026-02-03 14:43:29 [INFO] app.api.v1.site: Listing sites with skip=0 and limit=100
2026-02-03 14:43:29 [INFO] app.api.v1.submission: Fetched submission 1
2026-02-03 14:43:29 [INFO] app.api.v1.email: Fetched 5 emails for submission 1
2026-02-03 14:43:29 [INFO] app.api.v1.submission: Fetched 1 submissions
2026-02-03 14:43:29 [INFO] app.api.v1.submission: Fetched 1 submissions
2026-02-03 14:43:30 [INFO] app.api.v1.site: Listing sites with skip=0 and limit=100
2026-02-03 14:43:30 [INFO] app.api.v1.email: Fetched 5 emails for submission 1
2026-02-03 14:43:30 [INFO] app.api.v1.submission: Fetched submission 1
2026-02-03 14:43:30 [INFO] app.api.v1.site: Listing sites with skip=0 and limit=100
2026-02-03 14:43:30 [INFO] app.api.v1.email: Fetched 5 emails for submission 1
2026-02-03 14:43:30 [INFO] app.api.v1.submission: Fetched 1 submissions
2026-02-03 14:43:30 [INFO] app.api.v1.submission: Fetched 1 submissions
2026-02-03 14:43:30 [INFO] app.api.v1.submission: Fetched submission 1
2026-02-03 14:43:30 [INFO] app.api.v1.site: Listing sites with skip=0 and limit=100
2026-02-03 14:43:30 [INFO] app.api.v1.submission: Fetched submission 1
2026-02-03 14:43:30 [INFO] app.api.v1.email: Fetched 5 emails for submission 1
2026-02-03 14:43:30 [INFO] app.api.v1.site: Listing sites with skip=0 and limit=100
2026-02-03 14:43:30 [INFO] app.api.v1.submission: Fetched 1 submissions
2026-02-03 14:43:30 [INFO] app.api.v1.email: Fetched 5 emails for submission 1
2026-02-03 14:43:30 [INFO] app.api.v1.submission: Fetched submission 1
2026-02-03 14:43:30 [INFO] app.api.v1.submission: Fetched 1 submissions
2026-02-03 14:45:04 [INFO] app.api.v1.site: Listing sites with skip=0 and limit=100
2026-02-03 14:45:04 [INFO] app.api.v1.site: Listing sites with skip=0 and limit=100
2026-02-03 14:45:04 [INFO] app.api.v1.submission: Fetched 1 submissions
2026-02-03 14:45:04 [INFO] app.api.v1.submission: Fetched 1 submissions
2026-02-03 14:45:05 [INFO] app.api.v1.site: Listing sites with skip=0 and limit=100
2026-02-03 14:45:05 [INFO] app.api.v1.submission: Fetched 1 submissions
2026-02-03 14:45:06 [INFO] app.api.v1.site: Listing sites with skip=0 and limit=100
2026-02-03 14:45:06 [INFO] app.api.v1.submission: Fetched 1 submissions
2026-02-03 14:45:27 [INFO] app.api.v1.submission: Fetched submission 1
2026-02-03 14:45:27 [INFO] app.api.v1.email: Fetched 5 emails for submission 1
2026-02-03 14:45:27 [INFO] app.api.v1.submission: Fetched submission 1
2026-02-03 14:45:27 [INFO] app.api.v1.email: Fetched 5 emails for submission 1
2026-02-03 14:49:44 [INFO] app.api.v1.site: Listing sites with skip=0 and limit=100
2026-02-03 14:49:44 [INFO] app.api.v1.site: Listing sites with skip=0 and limit=100
2026-02-03 14:49:44 [INFO] app.api.v1.submission: Fetched 1 submissions
2026-02-03 14:49:44 [INFO] app.api.v1.submission: Fetched 1 submissions
2026-02-03 14:49:45 [INFO] app.api.v1.email: Fetched 5 emails for submission 1
2026-02-03 14:49:45 [INFO] app.api.v1.submission: Fetched submission 1
2026-02-03 14:49:45 [INFO] app.api.v1.email: Fetched 5 emails for submission 1
2026-02-03 14:49:45 [INFO] app.api.v1.submission: Fetched submission 1
2026-02-03 14:50:54 [INFO] app.api.v1.site: Listing sites with skip=0 and limit=100
2026-02-03 14:50:54 [INFO] app.api.v1.site: Listing sites with skip=0 and limit=100
2026-02-03 14:50:54 [INFO] app.api.v1.email: Fetched 5 emails for submission 1
2026-02-03 14:50:54 [INFO] app.api.v1.submission: Fetched submission 1
2026-02-03 14:50:54 [INFO] app.api.v1.submission: Fetched submission 1
2026-02-03 14:50:54 [INFO] app.api.v1.email: Fetched 5 emails for submission 1
2026-02-03 14:50:54 [INFO] app.api.v1.submission: Fetched 1 submissions
2026-02-03 14:50:54 [INFO] app.api.v1.submission: Fetched 1 submissions
2026-02-03 14:51:12 [INFO] app.api.v1.site: Listing sites with skip=0 and limit=100
2026-02-03 14:51:12 [INFO] app.api.v1.site: Listing sites with skip=0 and limit=100
2026-02-03 14:51:12 [INFO] app.api.v1.submission: Fetched submission 1
2026-02-03 14:51:12 [INFO] app.api.v1.email: Fetched 5 emails for submission 1
2026-02-03 14:51:12 [INFO] app.api.v1.submission: Fetched submission 1
2026-02-03 14:51:12 [INFO] app.api.v1.email: Fetched 5 emails for submission 1
2026-02-03 14:51:12 [INFO] app.api.v1.submission: Fetched 1 submissions
2026-02-03 14:51:12 [INFO] app.api.v1.submission: Fetched 1 submissions
2026-02-03 14:51:14 [INFO] app.api.v1.site: Listing sites with skip=0 and limit=100
2026-02-03 14:51:14 [INFO] app.api.v1.site: Listing sites with skip=0 and limit=100
2026-02-03 14:51:14 [INFO] app.api.v1.submission: Fetched submission 1
2026-02-03 14:51:14 [INFO] app.api.v1.email: Fetched 5 emails for submission 1
2026-02-03 14:51:14 [INFO] app.api.v1.email: Fetched 5 emails for submission 1
2026-02-03 14:51:14 [INFO] app.api.v1.submission: Fetched submission 1
2026-02-03 14:51:14 [INFO] app.api.v1.submission: Fetched 1 submissions
2026-02-03 14:51:14 [INFO] app.api.v1.submission: Fetched 1 submissions
2026-02-03 14:59:53 [INFO] app.api.v1.email: Email 6 (status=sent) created for submission 1, to=deepak@firestorm-internet.com
